2020-05-11 09:56:37.867  INFO 1896 --- [main] com.lms.MyLmsApplication                 : Starting MyLmsApplication on PC-201809072052 with PID 1896 (D:\idea_space\lms_parent\my_lms\target\classes started by Administrator in D:\idea_space\lms_parent)
2020-05-11 09:56:37.892  INFO 1896 --- [main] com.lms.MyLmsApplication                 : No active profile set, falling back to default profiles: default
2020-05-11 09:56:38.291  INFO 1896 --- [main] ConfigServletWebServerApplicationContext : Refreshing org.springframework.boot.web.servlet.context.AnnotationConfigServletWebServerApplicationContext@72d6b3ba: startup date [Mon May 11 09:56:38 CST 2020]; root of context hierarchy
2020-05-11 09:56:41.076  WARN 1896 --- [main] o.m.s.mapper.ClassPathMapperScanner      : No MyBatis mapper was found in '[com.lms]' package. Please check your configuration.
2020-05-11 09:56:41.901  INFO 1896 --- [main] trationDelegate$BeanPostProcessorChecker : Bean 'org.springframework.transaction.annotation.ProxyTransactionManagementConfiguration' of type [org.springframework.transaction.annotation.ProxyTransactionManagementConfiguration$$EnhancerBySpringCGLIB$$b2ca2d24] is not eligible for getting processed by all BeanPostProcessors (for example: not eligible for auto-proxying)
2020-05-11 09:56:42.002  INFO 1896 --- [main] trationDelegate$BeanPostProcessorChecker : Bean 'shiroConfig' of type [com.lms.config.ShiroConfig$$EnhancerBySpringCGLIB$$9f5d2db9] is not eligible for getting processed by all BeanPostProcessors (for example: not eligible for auto-proxying)
2020-05-11 09:56:43.515  INFO 1896 --- [main] trationDelegate$BeanPostProcessorChecker : Bean 'modularRealmAuthenticator' of type [org.apache.shiro.authc.pam.ModularRealmAuthenticator] is not eligible for getting processed by all BeanPostProcessors (for example: not eligible for auto-proxying)
2020-05-11 09:56:43.658  INFO 1896 --- [main] trationDelegate$BeanPostProcessorChecker : Bean 'org.springframework.boot.context.properties.ConversionServiceDeducer$Factory' of type [org.springframework.boot.context.properties.ConversionServiceDeducer$Factory] is not eligible for getting processed by all BeanPostProcessors (for example: not eligible for auto-proxying)
2020-05-11 09:56:43.922  INFO 1896 --- [main] trationDelegate$BeanPostProcessorChecker : Bean 'mybatis-plus-com.baomidou.mybatisplus.autoconfigure.MybatisPlusProperties' of type [com.baomidou.mybatisplus.autoconfigure.MybatisPlusProperties] is not eligible for getting processed by all BeanPostProcessors (for example: not eligible for auto-proxying)
2020-05-11 09:56:43.938  INFO 1896 --- [main] trationDelegate$BeanPostProcessorChecker : Bean 'myBatisPlusConfig' of type [com.lms.config.MyBatisPlusConfig$$EnhancerBySpringCGLIB$$2f197a75] is not eligible for getting processed by all BeanPostProcessors (for example: not eligible for auto-proxying)
2020-05-11 09:56:43.981  INFO 1896 --- [main] trationDelegate$BeanPostProcessorChecker : Bean 'paginationInterceptor' of type [com.baomidou.mybatisplus.extension.plugins.PaginationInterceptor] is not eligible for getting processed by all BeanPostProcessors (for example: not eligible for auto-proxying)
2020-05-11 09:56:43.990  INFO 1896 --- [main] trationDelegate$BeanPostProcessorChecker : Bean 'sqlExplainInterceptor' of type [com.baomidou.mybatisplus.extension.plugins.SqlExplainInterceptor] is not eligible for getting processed by all BeanPostProcessors (for example: not eligible for auto-proxying)
2020-05-11 09:56:44.003  INFO 1896 --- [main] trationDelegate$BeanPostProcessorChecker : Bean 'performanceInterceptor' of type [com.baomidou.mybatisplus.extension.plugins.PerformanceInterceptor] is not eligible for getting processed by all BeanPostProcessors (for example: not eligible for auto-proxying)
2020-05-11 09:56:44.021  INFO 1896 --- [main] trationDelegate$BeanPostProcessorChecker : Bean 'com.baomidou.mybatisplus.autoconfigure.MybatisPlusAutoConfiguration' of type [com.baomidou.mybatisplus.autoconfigure.MybatisPlusAutoConfiguration$$EnhancerBySpringCGLIB$$f09299be] is not eligible for getting processed by all BeanPostProcessors (for example: not eligible for auto-proxying)
2020-05-11 09:56:44.028  INFO 1896 --- [main] trationDelegate$BeanPostProcessorChecker : Bean 'org.springframework.boot.autoconfigure.jdbc.DataSourceConfiguration$Generic' of type [org.springframework.boot.autoconfigure.jdbc.DataSourceConfiguration$Generic] is not eligible for getting processed by all BeanPostProcessors (for example: not eligible for auto-proxying)
2020-05-11 09:56:44.093  INFO 1896 --- [main] trationDelegate$BeanPostProcessorChecker : Bean 'spring.datasource-org.springframework.boot.autoconfigure.jdbc.DataSourceProperties' of type [org.springframework.boot.autoconfigure.jdbc.DataSourceProperties] is not eligible for getting processed by all BeanPostProcessors (for example: not eligible for auto-proxying)
2020-05-11 09:56:44.349  INFO 1896 --- [main] trationDelegate$BeanPostProcessorChecker : Bean 'dataSource' of type [com.alibaba.druid.pool.DruidDataSource] is not eligible for getting processed by all BeanPostProcessors (for example: not eligible for auto-proxying)
2020-05-11 09:56:44.388  INFO 1896 --- [main] trationDelegate$BeanPostProcessorChecker : Bean 'org.springframework.boot.autoconfigure.jdbc.DataSourceInitializerInvoker' of type [org.springframework.boot.autoconfigure.jdbc.DataSourceInitializerInvoker] is not eligible for getting processed by all BeanPostProcessors (for example: not eligible for auto-proxying)
2020-05-11 09:56:44.503  INFO 1896 --- [main] trationDelegate$BeanPostProcessorChecker : Bean 'sqlSessionFactory' of type [org.apache.ibatis.session.defaults.DefaultSqlSessionFactory] is not eligible for getting processed by all BeanPostProcessors (for example: not eligible for auto-proxying)
2020-05-11 09:56:44.562  INFO 1896 --- [main] trationDelegate$BeanPostProcessorChecker : Bean 'sqlSessionTemplate' of type [org.mybatis.spring.SqlSessionTemplate] is not eligible for getting processed by all BeanPostProcessors (for example: not eligible for auto-proxying)
2020-05-11 09:56:44.908 ERROR 1896 --- [main] c.b.m.core.MybatisConfiguration          : mapper[com.lms.mapper.UserMapper.findRolesByUserId] is ignored, because it exists, maybe from xml file
2020-05-11 09:56:45.102  INFO 1896 --- [main] trationDelegate$BeanPostProcessorChecker : Bean 'userMapper' of type [org.mybatis.spring.mapper.MapperFactoryBean] is not eligible for getting processed by all BeanPostProcessors (for example: not eligible for auto-proxying)
2020-05-11 09:56:45.107  INFO 1896 --- [main] trationDelegate$BeanPostProcessorChecker : Bean 'userMapper' of type [com.sun.proxy.$Proxy71] is not eligible for getting processed by all BeanPostProcessors (for example: not eligible for auto-proxying)
2020-05-11 09:56:45.131  INFO 1896 --- [main] trationDelegate$BeanPostProcessorChecker : Bean 'myLmsApplication' of type [com.lms.MyLmsApplication$$EnhancerBySpringCGLIB$$220ffd5c] is not eligible for getting processed by all BeanPostProcessors (for example: not eligible for auto-proxying)
2020-05-11 09:56:45.148  INFO 1896 --- [main] trationDelegate$BeanPostProcessorChecker : Bean 'idWorker' of type [com.lms.utils.IdWorker] is not eligible for getting processed by all BeanPostProcessors (for example: not eligible for auto-proxying)
2020-05-11 09:56:45.234  INFO 1896 --- [main] trationDelegate$BeanPostProcessorChecker : Bean 'employeeMapper' of type [org.mybatis.spring.mapper.MapperFactoryBean] is not eligible for getting processed by all BeanPostProcessors (for example: not eligible for auto-proxying)
2020-05-11 09:56:45.237  INFO 1896 --- [main] trationDelegate$BeanPostProcessorChecker : Bean 'employeeMapper' of type [com.sun.proxy.$Proxy73] is not eligible for getting processed by all BeanPostProcessors (for example: not eligible for auto-proxying)
2020-05-11 09:56:45.238  INFO 1896 --- [main] trationDelegate$BeanPostProcessorChecker : Bean 'userServiceImpl' of type [com.lms.service.impl.UserServiceImpl] is not eligible for getting processed by all BeanPostProcessors (for example: not eligible for auto-proxying)
2020-05-11 09:56:45.423  INFO 1896 --- [main] trationDelegate$BeanPostProcessorChecker : Bean 'permissionMapper' of type [org.mybatis.spring.mapper.MapperFactoryBean] is not eligible for getting processed by all BeanPostProcessors (for example: not eligible for auto-proxying)
2020-05-11 09:56:45.426  INFO 1896 --- [main] trationDelegate$BeanPostProcessorChecker : Bean 'permissionMapper' of type [com.sun.proxy.$Proxy74] is not eligible for getting processed by all BeanPostProcessors (for example: not eligible for auto-proxying)
2020-05-11 09:56:45.429  INFO 1896 --- [main] trationDelegate$BeanPostProcessorChecker : Bean 'permissionServiceImpl' of type [com.lms.service.impl.PermissionServiceImpl] is not eligible for getting processed by all BeanPostProcessors (for example: not eligible for auto-proxying)
2020-05-11 09:56:45.565  INFO 1896 --- [main] trationDelegate$BeanPostProcessorChecker : Bean 'roleMapper' of type [org.mybatis.spring.mapper.MapperFactoryBean] is not eligible for getting processed by all BeanPostProcessors (for example: not eligible for auto-proxying)
2020-05-11 09:56:45.568  INFO 1896 --- [main] trationDelegate$BeanPostProcessorChecker : Bean 'roleMapper' of type [com.sun.proxy.$Proxy76] is not eligible for getting processed by all BeanPostProcessors (for example: not eligible for auto-proxying)
2020-05-11 09:56:45.571  INFO 1896 --- [main] trationDelegate$BeanPostProcessorChecker : Bean 'roleServiceImpl' of type [com.lms.service.impl.RoleServiceImpl] is not eligible for getting processed by all BeanPostProcessors (for example: not eligible for auto-proxying)
2020-05-11 09:56:45.590  INFO 1896 --- [main] trationDelegate$BeanPostProcessorChecker : Bean 'userRealm' of type [com.lms.shiro.realm.UserRealm] is not eligible for getting processed by all BeanPostProcessors (for example: not eligible for auto-proxying)
2020-05-11 09:56:45.669  INFO 1896 --- [main] trationDelegate$BeanPostProcessorChecker : Bean 'captchaRealm' of type [com.lms.shiro.realm.CaptchaRealm] is not eligible for getting processed by all BeanPostProcessors (for example: not eligible for auto-proxying)
2020-05-11 09:56:45.749  INFO 1896 --- [main] trationDelegate$BeanPostProcessorChecker : Bean 'securityManager' of type [org.apache.shiro.web.mgt.DefaultWebSecurityManager] is not eligible for getting processed by all BeanPostProcessors (for example: not eligible for auto-proxying)
2020-05-11 09:56:45.817  INFO 1896 --- [main] trationDelegate$BeanPostProcessorChecker : Bean 'authorizationAttributeSourceAdvisor' of type [org.apache.shiro.spring.security.interceptor.AuthorizationAttributeSourceAdvisor] is not eligible for getting processed by all BeanPostProcessors (for example: not eligible for auto-proxying)
2020-05-11 09:56:46.616 ERROR 1896 --- [main] o.a.catalina.core.AprLifecycleListener   : An incompatible version [1.2.10] of the APR based Apache Tomcat Native library is installed, while Tomcat requires version [1.2.14]
2020-05-11 09:56:47.309  INFO 1896 --- [main] o.s.b.w.embedded.tomcat.TomcatWebServer  : Tomcat initialized with port(s): 7004 (http)
2020-05-11 09:56:47.347 ERROR 1896 --- [main] o.a.catalina.core.AprLifecycleListener   : An incompatible version [1.2.10] of the APR based Apache Tomcat Native library is installed, while Tomcat requires version [1.2.14]
2020-05-11 09:56:47.387  INFO 1896 --- [main] o.apache.catalina.core.StandardService   : Starting service [Tomcat]
2020-05-11 09:56:47.388  INFO 1896 --- [main] org.apache.catalina.core.StandardEngine  : Starting Servlet Engine: Apache Tomcat/8.5.34
2020-05-11 09:56:47.462 ERROR 1896 --- [localhost-startStop-1] o.a.catalina.core.AprLifecycleListener   : An incompatible version [1.2.10] of the APR based Apache Tomcat Native library is installed, while Tomcat requires version [1.2.14]
2020-05-11 09:56:47.978  INFO 1896 --- [localhost-startStop-1] o.a.c.c.C.[Tomcat].[localhost].[/]       : Initializing Spring embedded WebApplicationContext
2020-05-11 09:56:47.980  INFO 1896 --- [localhost-startStop-1] o.s.web.context.ContextLoader            : Root WebApplicationContext: initialization completed in 9688 ms
2020-05-11 09:56:48.421  INFO 1896 --- [localhost-startStop-1] o.s.b.w.servlet.ServletRegistrationBean  : Servlet dispatcherServlet mapped to [/]
2020-05-11 09:56:48.438  INFO 1896 --- [localhost-startStop-1] o.s.b.w.servlet.FilterRegistrationBean   : Mapping filter: 'characterEncodingFilter' to: [/*]
2020-05-11 09:56:48.439  INFO 1896 --- [localhost-startStop-1] o.s.b.w.servlet.FilterRegistrationBean   : Mapping filter: 'hiddenHttpMethodFilter' to: [/*]
2020-05-11 09:56:48.439  INFO 1896 --- [localhost-startStop-1] o.s.b.w.servlet.FilterRegistrationBean   : Mapping filter: 'httpPutFormContentFilter' to: [/*]
2020-05-11 09:56:48.440  INFO 1896 --- [localhost-startStop-1] o.s.b.w.servlet.FilterRegistrationBean   : Mapping filter: 'requestContextFilter' to: [/*]
2020-05-11 09:56:48.440  INFO 1896 --- [localhost-startStop-1] o.s.b.w.servlet.FilterRegistrationBean   : Mapping filter: 'shiroFilterFactoryBean' to: [/*]
2020-05-11 09:56:49.980  WARN 1896 --- [main] c.b.m.core.toolkit.TableInfoHelper       : Warn: Could not find @TableId in Class: com.lms.domain.RolePermission.
2020-05-11 09:56:50.040  WARN 1896 --- [main] c.b.m.core.toolkit.TableInfoHelper       : Warn: Could not find @TableId in Class: com.lms.domain.UserRole.
2020-05-11 09:56:50.378  INFO 1896 --- [main] o.s.w.s.handler.SimpleUrlHandlerMapping  : Mapped URL path [/**/favicon.ico] onto handler of type [class org.springframework.web.servlet.resource.ResourceHttpRequestHandler]
2020-05-11 09:56:50.894  INFO 1896 --- [main] s.w.s.m.m.a.RequestMappingHandlerAdapter : Looking for @ControllerAdvice: org.springframework.boot.web.servlet.context.AnnotationConfigServletWebServerApplicationContext@72d6b3ba: startup date [Mon May 11 09:56:38 CST 2020]; root of context hierarchy
2020-05-11 09:56:51.073  INFO 1896 --- [main] s.w.s.m.m.a.RequestMappingHandlerMapping : Mapped "{[/announce/],methods=[POST]}" onto public com.lms.entity.Result com.lms.controller.AnnounceController.insert(com.lms.domain.Announce)
2020-05-11 09:56:51.075  INFO 1896 --- [main] s.w.s.m.m.a.RequestMappingHandlerMapping : Mapped "{[/announce/newlist],methods=[GET]}" onto public com.lms.entity.Result com.lms.controller.AnnounceController.findNewList(java.lang.Integer)
2020-05-11 09:56:51.077  INFO 1896 --- [main] s.w.s.m.m.a.RequestMappingHandlerMapping : Mapped "{[/business/customer/{id}],methods=[PUT]}" onto public com.lms.entity.Result com.lms.controller.CustomerController.update(java.lang.String,com.lms.domain.Customer)
2020-05-11 09:56:51.079  INFO 1896 --- [main] s.w.s.m.m.a.RequestMappingHandlerMapping : Mapped "{[/business/customer/{id}],methods=[DELETE]}" onto public com.lms.entity.Result com.lms.controller.CustomerController.delete(java.lang.String)
2020-05-11 09:56:51.080  INFO 1896 --- [main] s.w.s.m.m.a.RequestMappingHandlerMapping : Mapped "{[/business/customer],methods=[POST]}" onto public com.lms.entity.Result com.lms.controller.CustomerController.save(com.lms.domain.Customer)
2020-05-11 09:56:51.081  INFO 1896 --- [main] s.w.s.m.m.a.RequestMappingHandlerMapping : Mapped "{[/business/customer/page],methods=[GET]}" onto public com.lms.entity.PageResult<com.lms.domain.Customer> com.lms.controller.CustomerController.findPage(java.util.Map<java.lang.String, java.lang.Object>)
2020-05-11 09:56:51.083  INFO 1896 --- [main] s.w.s.m.m.a.RequestMappingHandlerMapping : Mapped "{[/business/customer/{id}],methods=[GET]}" onto public com.lms.entity.Result com.lms.controller.CustomerController.findOne(java.lang.String)
2020-05-11 09:56:51.089  INFO 1896 --- [main] s.w.s.m.m.a.RequestMappingHandlerMapping : Mapped "{[/info/employee/{id}],methods=[PUT]}" onto public com.lms.entity.Result com.lms.controller.EmployeeController.update(java.lang.String,com.lms.domain.Employee)
2020-05-11 09:56:51.091  INFO 1896 --- [main] s.w.s.m.m.a.RequestMappingHandlerMapping : Mapped "{[/info/employee/{id}],methods=[DELETE]}" onto public com.lms.entity.Result com.lms.controller.EmployeeController.delete(java.lang.String)
2020-05-11 09:56:51.093  INFO 1896 --- [main] s.w.s.m.m.a.RequestMappingHandlerMapping : Mapped "{[/info/employee],methods=[POST]}" onto public com.lms.entity.Result com.lms.controller.EmployeeController.save(com.lms.domain.Employee)
2020-05-11 09:56:51.096  INFO 1896 --- [main] s.w.s.m.m.a.RequestMappingHandlerMapping : Mapped "{[/info/employee/emps/{outletid}],methods=[GET]}" onto public com.lms.entity.Result com.lms.controller.EmployeeController.findByOutletIdAndStatus(java.lang.String)
2020-05-11 09:56:51.098  INFO 1896 --- [main] s.w.s.m.m.a.RequestMappingHandlerMapping : Mapped "{[/info/employee/page],methods=[GET]}" onto public com.lms.entity.PageResult<com.lms.domain.Employee> com.lms.controller.EmployeeController.findPage(java.util.Map<java.lang.String, java.lang.Object>)
2020-05-11 09:56:51.099  INFO 1896 --- [main] s.w.s.m.m.a.RequestMappingHandlerMapping : Mapped "{[/info/employee/{id}],methods=[GET]}" onto public com.lms.entity.Result com.lms.controller.EmployeeController.findOne(java.lang.String)
2020-05-11 09:56:51.101  INFO 1896 --- [main] s.w.s.m.m.a.RequestMappingHandlerMapping : Mapped "{[/info/employee/emps/isbinduser],methods=[GET]}" onto public com.lms.entity.Result com.lms.controller.EmployeeController.findByisBindUser(java.lang.String)
2020-05-11 09:56:51.101  INFO 1896 --- [main] s.w.s.m.m.a.RequestMappingHandlerMapping : Mapped "{[/info/employee/list],methods=[GET]}" onto public com.lms.entity.Result com.lms.controller.EmployeeController.findAll()
2020-05-11 09:56:51.102  INFO 1896 --- [main] s.w.s.m.m.a.RequestMappingHandlerMapping : Mapped "{[/info/employee/return/{id}],methods=[GET]}" onto public com.lms.entity.Result com.lms.controller.EmployeeController.empReturn(java.lang.String)
2020-05-11 09:56:51.105  INFO 1896 --- [main] s.w.s.m.m.a.RequestMappingHandlerMapping : Mapped "{[/capacity/goods/{id}],methods=[PUT]}" onto public com.lms.entity.Result com.lms.controller.GoodsController.update(java.lang.String,com.lms.domain.Goods)
2020-05-11 09:56:51.106  INFO 1896 --- [main] s.w.s.m.m.a.RequestMappingHandlerMapping : Mapped "{[/capacity/goods/{id}],methods=[DELETE]}" onto public com.lms.entity.Result com.lms.controller.GoodsController.delete(java.lang.String)
2020-05-11 09:56:51.120  INFO 1896 --- [main] s.w.s.m.m.a.RequestMappingHandlerMapping : Mapped "{[/capacity/goods],methods=[POST]}" onto public com.lms.entity.Result com.lms.controller.GoodsController.save(com.lms.domain.Goods)
2020-05-11 09:56:51.122  INFO 1896 --- [main] s.w.s.m.m.a.RequestMappingHandlerMapping : Mapped "{[/capacity/goods/page],methods=[GET]}" onto public com.lms.entity.PageResult<com.lms.domain.Goods> com.lms.controller.GoodsController.findPage(java.util.Map<java.lang.String, java.lang.Object>)
2020-05-11 09:56:51.123  INFO 1896 --- [main] s.w.s.m.m.a.RequestMappingHandlerMapping : Mapped "{[/capacity/goods/{id}],methods=[GET]}" onto public com.lms.entity.Result com.lms.controller.GoodsController.findOne(java.lang.String)
2020-05-11 09:56:51.128  INFO 1896 --- [main] s.w.s.m.m.a.RequestMappingHandlerMapping : Mapped "{[/index/income]}" onto public com.lms.entity.Result com.lms.controller.index.IndexController.incomeStatics()
2020-05-11 09:56:51.129  INFO 1896 --- [main] s.w.s.m.m.a.RequestMappingHandlerMapping : Mapped "{[/index/statstics]}" onto public com.lms.entity.Result com.lms.controller.index.IndexController.statistics()
2020-05-11 09:56:51.132  INFO 1896 --- [main] s.w.s.m.m.a.RequestMappingHandlerMapping : Mapped "{[/capacity/interWarehouse/{id}],methods=[PUT]}" onto public com.lms.entity.Result com.lms.controller.InterWarehouseController.update(java.lang.String,com.lms.domain.InterWarehouse)
2020-05-11 09:56:51.134  INFO 1896 --- [main] s.w.s.m.m.a.RequestMappingHandlerMapping : Mapped "{[/capacity/interWarehouse/{id}],methods=[DELETE]}" onto public com.lms.entity.Result com.lms.controller.InterWarehouseController.delete(java.lang.String)
2020-05-11 09:56:51.136  INFO 1896 --- [main] s.w.s.m.m.a.RequestMappingHandlerMapping : Mapped "{[/capacity/interWarehouse],methods=[POST]}" onto public com.lms.entity.Result com.lms.controller.InterWarehouseController.save(java.util.Map<java.lang.String, java.lang.Object>)
2020-05-11 09:56:51.138  INFO 1896 --- [main] s.w.s.m.m.a.RequestMappingHandlerMapping : Mapped "{[/capacity/interWarehouse/page],methods=[GET]}" onto public com.lms.entity.PageResult<com.lms.domain.InterWarehouse> com.lms.controller.InterWarehouseController.findPage(java.util.Map<java.lang.String, java.lang.Object>)
2020-05-11 09:56:51.139  INFO 1896 --- [main] s.w.s.m.m.a.RequestMappingHandlerMapping : Mapped "{[/capacity/interWarehouse/{id}],methods=[GET]}" onto public com.lms.entity.Result com.lms.controller.InterWarehouseController.findOne(java.lang.String)
2020-05-11 09:56:51.142  INFO 1896 --- [main] s.w.s.m.m.a.RequestMappingHandlerMapping : Mapped "{[/business/order/{id}],methods=[PUT]}" onto public com.lms.entity.Result com.lms.controller.OrderController.update(java.lang.String,com.lms.domain.Order)
2020-05-11 09:56:51.143  INFO 1896 --- [main] s.w.s.m.m.a.RequestMappingHandlerMapping : Mapped "{[/business/order/{id}],methods=[DELETE]}" onto public com.lms.entity.Result com.lms.controller.OrderController.delete(java.lang.String)
2020-05-11 09:56:51.144  INFO 1896 --- [main] s.w.s.m.m.a.RequestMappingHandlerMapping : Mapped "{[/business/order],methods=[POST]}" onto public com.lms.entity.Result com.lms.controller.OrderController.save(com.lms.domain.Order)
2020-05-11 09:56:51.145  INFO 1896 --- [main] s.w.s.m.m.a.RequestMappingHandlerMapping : Mapped "{[/business/order/export],methods=[GET]}" onto public void com.lms.controller.OrderController.export() throws java.io.IOException
2020-05-11 09:56:51.146  INFO 1896 --- [main] s.w.s.m.m.a.RequestMappingHandlerMapping : Mapped "{[/business/order/page],methods=[GET]}" onto public com.lms.entity.PageResult<com.lms.domain.Order> com.lms.controller.OrderController.findPage(java.util.Map<java.lang.String, java.lang.Object>)
2020-05-11 09:56:51.147  INFO 1896 --- [main] s.w.s.m.m.a.RequestMappingHandlerMapping : Mapped "{[/business/order/{id}],methods=[GET]}" onto public com.lms.entity.Result com.lms.controller.OrderController.findOne(java.lang.String)
2020-05-11 09:56:51.147  INFO 1896 --- [main] s.w.s.m.m.a.RequestMappingHandlerMapping : Mapped "{[/business/order/ords/{status}],methods=[GET]}" onto public com.lms.entity.Result com.lms.controller.OrderController.findByStatus(java.lang.String)
2020-05-11 09:56:51.148  INFO 1896 --- [main] s.w.s.m.m.a.RequestMappingHandlerMapping : Mapped "{[/business/order],methods=[GET]}" onto public com.lms.entity.Result com.lms.controller.OrderController.findAll()
2020-05-11 09:56:51.149  INFO 1896 --- [main] s.w.s.m.m.a.RequestMappingHandlerMapping : Mapped "{[/business/order/cancelOrder/{id}],methods=[GET]}" onto public com.lms.entity.Result com.lms.controller.OrderController.cancelOrder(java.lang.String)
2020-05-11 09:56:51.150  INFO 1896 --- [main] s.w.s.m.m.a.RequestMappingHandlerMapping : Mapped "{[/business/order/allocate/{id}],methods=[GET]}" onto public com.lms.entity.Result com.lms.controller.OrderController.findAllocateInfo(java.lang.String)
2020-05-11 09:56:51.151  INFO 1896 --- [main] s.w.s.m.m.a.RequestMappingHandlerMapping : Mapped "{[/business/findtest],methods=[GET]}" onto public java.util.List<com.lms.domain.Vehicle> com.lms.controller.OrderController.findtest()
2020-05-11 09:56:51.155  INFO 1896 --- [main] s.w.s.m.m.a.RequestMappingHandlerMapping : Mapped "{[/business/order/allocate],methods=[POST]}" onto public com.lms.entity.Result com.lms.controller.OrderController.allocateOrder(java.util.Map<java.lang.String, java.lang.Object>)
2020-05-11 09:56:51.159  INFO 1896 --- [main] s.w.s.m.m.a.RequestMappingHandlerMapping : Mapped "{[/capacity/outerWarehouse/{id}],methods=[PUT]}" onto public com.lms.entity.Result com.lms.controller.OuterWarehouseController.update(java.lang.String,com.lms.domain.OuterWarehouse)
2020-05-11 09:56:51.160  INFO 1896 --- [main] s.w.s.m.m.a.RequestMappingHandlerMapping : Mapped "{[/capacity/outerWarehouse/{id}],methods=[DELETE]}" onto public com.lms.entity.Result com.lms.controller.OuterWarehouseController.delete(java.lang.String)
2020-05-11 09:56:51.161  INFO 1896 --- [main] s.w.s.m.m.a.RequestMappingHandlerMapping : Mapped "{[/capacity/outerWarehouse],methods=[POST]}" onto public com.lms.entity.Result com.lms.controller.OuterWarehouseController.save(java.util.Map<java.lang.String, java.lang.Object>)
2020-05-11 09:56:51.162  INFO 1896 --- [main] s.w.s.m.m.a.RequestMappingHandlerMapping : Mapped "{[/capacity/outerWarehouse/page],methods=[GET]}" onto public com.lms.entity.PageResult<com.lms.domain.OuterWarehouse> com.lms.controller.OuterWarehouseController.findPage(java.util.Map<java.lang.String, java.lang.Object>)
2020-05-11 09:56:51.164  INFO 1896 --- [main] s.w.s.m.m.a.RequestMappingHandlerMapping : Mapped "{[/capacity/outerWarehouse/{id}],methods=[GET]}" onto public com.lms.entity.Result com.lms.controller.OuterWarehouseController.findOne(java.lang.String)
2020-05-11 09:56:51.168  INFO 1896 --- [main] s.w.s.m.m.a.RequestMappingHandlerMapping : Mapped "{[/info/outlet/{id}],methods=[PUT]}" onto public com.lms.entity.Result com.lms.controller.OutletsController.update(java.lang.String,com.lms.domain.Outlet)
2020-05-11 09:56:51.169  INFO 1896 --- [main] s.w.s.m.m.a.RequestMappingHandlerMapping : Mapped "{[/info/outlet/{id}],methods=[DELETE]}" onto public com.lms.entity.Result com.lms.controller.OutletsController.delete(java.lang.String)
2020-05-11 09:56:51.177  INFO 1896 --- [main] s.w.s.m.m.a.RequestMappingHandlerMapping : Mapped "{[/info/outlet],methods=[POST]}" onto public com.lms.entity.Result com.lms.controller.OutletsController.save(com.lms.domain.Outlet)
2020-05-11 09:56:51.178  INFO 1896 --- [main] s.w.s.m.m.a.RequestMappingHandlerMapping : Mapped "{[/info/outlet/page],methods=[GET]}" onto public com.lms.entity.PageResult<com.lms.domain.Outlet> com.lms.controller.OutletsController.findPage(java.util.Map<java.lang.String, java.lang.Object>)
2020-05-11 09:56:51.179  INFO 1896 --- [main] s.w.s.m.m.a.RequestMappingHandlerMapping : Mapped "{[/info/outlet/{id}],methods=[GET]}" onto public com.lms.entity.Result com.lms.controller.OutletsController.findOne(java.lang.String)
2020-05-11 09:56:51.180  INFO 1896 --- [main] s.w.s.m.m.a.RequestMappingHandlerMapping : Mapped "{[/info/outlet/list],methods=[GET]}" onto public com.lms.entity.Result com.lms.controller.OutletsController.findAll()
2020-05-11 09:56:51.182  INFO 1896 --- [main] s.w.s.m.m.a.RequestMappingHandlerMapping : Mapped "{[/info/outlet/outs/wares],methods=[GET]}" onto public com.lms.entity.Result com.lms.controller.OutletsController.findOutletAndWarehouse()
2020-05-11 09:56:51.184  INFO 1896 --- [main] s.w.s.m.m.a.RequestMappingHandlerMapping : Mapped "{[/sys/permission/{id}],methods=[PUT]}" onto public com.lms.entity.Result com.lms.controller.PermissionController.update(java.lang.String,com.lms.domain.Permission)
2020-05-11 09:56:51.186  INFO 1896 --- [main] s.w.s.m.m.a.RequestMappingHandlerMapping : Mapped "{[/sys/permission/{id}],methods=[DELETE]}" onto public com.lms.entity.Result com.lms.controller.PermissionController.delete(java.lang.String)
2020-05-11 09:56:51.187  INFO 1896 --- [main] s.w.s.m.m.a.RequestMappingHandlerMapping : Mapped "{[/sys/permission],methods=[POST]}" onto public com.lms.entity.Result com.lms.controller.PermissionController.save(com.lms.domain.Permission)
2020-05-11 09:56:51.188  INFO 1896 --- [main] s.w.s.m.m.a.RequestMappingHandlerMapping : Mapped "{[/sys/permission/page],methods=[GET]}" onto public com.lms.entity.PageResult<com.lms.domain.Permission> com.lms.controller.PermissionController.findPage(java.util.Map<java.lang.String, java.lang.Object>)
2020-05-11 09:56:51.189  INFO 1896 --- [main] s.w.s.m.m.a.RequestMappingHandlerMapping : Mapped "{[/sys/permission/{id}],methods=[GET]}" onto public com.lms.entity.Result com.lms.controller.PermissionController.findOne(java.lang.String)
2020-05-11 09:56:51.190  INFO 1896 --- [main] s.w.s.m.m.a.RequestMappingHandlerMapping : Mapped "{[/sys/permission/list],methods=[GET]}" onto public com.lms.entity.Result com.lms.controller.PermissionController.findAll()
2020-05-11 09:56:51.191  INFO 1896 --- [main] s.w.s.m.m.a.RequestMappingHandlerMapping : Mapped "{[/sys/permission/perms/roleid],methods=[GET]}" onto public com.lms.entity.Result com.lms.controller.PermissionController.findByRoleId(java.lang.String)
2020-05-11 09:56:51.195  INFO 1896 --- [main] s.w.s.m.m.a.RequestMappingHandlerMapping : Mapped "{[/problem/{id}],methods=[PUT]}" onto public com.lms.entity.Result com.lms.controller.ProblemLogController.update(java.lang.String,com.lms.domain.ProblemLog)
2020-05-11 09:56:51.197  INFO 1896 --- [main] s.w.s.m.m.a.RequestMappingHandlerMapping : Mapped "{[/problem/{id}],methods=[DELETE]}" onto public com.lms.entity.Result com.lms.controller.ProblemLogController.delete(java.lang.String)
2020-05-11 09:56:51.200  INFO 1896 --- [main] s.w.s.m.m.a.RequestMappingHandlerMapping : Mapped "{[/problem/],methods=[POST]}" onto public com.lms.entity.Result com.lms.controller.ProblemLogController.save(com.lms.domain.ProblemLog)
2020-05-11 09:56:51.202  INFO 1896 --- [main] s.w.s.m.m.a.RequestMappingHandlerMapping : Mapped "{[/problem/page],methods=[GET]}" onto public com.lms.entity.PageResult<com.lms.domain.ProblemLog> com.lms.controller.ProblemLogController.findPage(java.util.Map<java.lang.String, java.lang.Object>)
2020-05-11 09:56:51.206  INFO 1896 --- [main] s.w.s.m.m.a.RequestMappingHandlerMapping : Mapped "{[/problem/{id}],methods=[GET]}" onto public com.lms.entity.Result com.lms.controller.ProblemLogController.findOne(java.lang.String)
2020-05-11 09:56:51.207  INFO 1896 --- [main] s.w.s.m.m.a.RequestMappingHandlerMapping : Mapped "{[/problem/dealremark],methods=[POST]}" onto public com.lms.entity.Result com.lms.controller.ProblemLogController.addRemark(java.util.Map<java.lang.String, java.lang.Object>)
2020-05-11 09:56:51.211  INFO 1896 --- [main] s.w.s.m.m.a.RequestMappingHandlerMapping : Mapped "{[/sys/role/{id}],methods=[PUT]}" onto public com.lms.entity.Result com.lms.controller.RoleController.update(java.lang.String,com.lms.domain.Role)
2020-05-11 09:56:51.212  INFO 1896 --- [main] s.w.s.m.m.a.RequestMappingHandlerMapping : Mapped "{[/sys/role/{id}],methods=[DELETE]}" onto public com.lms.entity.Result com.lms.controller.RoleController.delete(java.lang.String)
2020-05-11 09:56:51.217  INFO 1896 --- [main] s.w.s.m.m.a.RequestMappingHandlerMapping : Mapped "{[/sys/role],methods=[POST]}" onto public com.lms.entity.Result com.lms.controller.RoleController.save(com.lms.domain.Role)
2020-05-11 09:56:51.218  INFO 1896 --- [main] s.w.s.m.m.a.RequestMappingHandlerMapping : Mapped "{[/sys/role/page],methods=[GET]}" onto public com.lms.entity.PageResult<com.lms.domain.Role> com.lms.controller.RoleController.findPage(java.util.Map<java.lang.String, java.lang.Object>)
2020-05-11 09:56:51.220  INFO 1896 --- [main] s.w.s.m.m.a.RequestMappingHandlerMapping : Mapped "{[/sys/role/{id}],methods=[GET]}" onto public com.lms.entity.Result com.lms.controller.RoleController.findOne(java.lang.String)
2020-05-11 09:56:51.221  INFO 1896 --- [main] s.w.s.m.m.a.RequestMappingHandlerMapping : Mapped "{[/sys/role/list],methods=[GET]}" onto public com.lms.entity.Result com.lms.controller.RoleController.findAll()
2020-05-11 09:56:51.222  INFO 1896 --- [main] s.w.s.m.m.a.RequestMappingHandlerMapping : Mapped "{[/sys/role/roles/userid],methods=[GET]}" onto public com.lms.entity.Result com.lms.controller.RoleController.findByUserId(java.lang.String)
2020-05-11 09:56:51.223  INFO 1896 --- [main] s.w.s.m.m.a.RequestMappingHandlerMapping : Mapped "{[/sys/role/disPerms],methods=[POST]}" onto public com.lms.entity.Result com.lms.controller.RoleController.disPermission(java.util.Map<java.lang.String, java.lang.Object>)
2020-05-11 09:56:51.226  INFO 1896 --- [main] s.w.s.m.m.a.RequestMappingHandlerMapping : Mapped "{[/scanning/{id}],methods=[PUT]}" onto public com.lms.entity.Result com.lms.controller.ScanningController.update(java.lang.String,com.lms.domain.Scanning)
2020-05-11 09:56:51.227  INFO 1896 --- [main] s.w.s.m.m.a.RequestMappingHandlerMapping : Mapped "{[/scanning/{id}],methods=[DELETE]}" onto public com.lms.entity.Result com.lms.controller.ScanningController.delete(java.lang.String)
2020-05-11 09:56:51.227  INFO 1896 --- [main] s.w.s.m.m.a.RequestMappingHandlerMapping : Mapped "{[/scanning/],methods=[POST]}" onto public com.lms.entity.Result com.lms.controller.ScanningController.save(com.lms.domain.Scanning)
2020-05-11 09:56:51.228  INFO 1896 --- [main] s.w.s.m.m.a.RequestMappingHandlerMapping : Mapped "{[/scanning/page],methods=[GET]}" onto public com.lms.entity.PageResult<com.lms.domain.Scanning> com.lms.controller.ScanningController.findPage(java.util.Map<java.lang.String, java.lang.Object>)
2020-05-11 09:56:51.229  INFO 1896 --- [main] s.w.s.m.m.a.RequestMappingHandlerMapping : Mapped "{[/scanning/{id}],methods=[GET]}" onto public com.lms.entity.Result com.lms.controller.ScanningController.findOne(java.lang.String)
2020-05-11 09:56:51.230  INFO 1896 --- [main] s.w.s.m.m.a.RequestMappingHandlerMapping : Mapped "{[/scanning/scans/olet/{waybcode}],methods=[GET]}" onto public com.lms.entity.Result com.lms.controller.ScanningController.findScansOutlsByWaybCode(java.lang.String)
2020-05-11 09:56:51.231  INFO 1896 --- [main] s.w.s.m.m.a.RequestMappingHandlerMapping : Mapped "{[/scanning/scans/olet/emp/{waybcode}],methods=[GET]}" onto public com.lms.entity.Result com.lms.controller.ScanningController.findScansOutlsAndEmpsByWaybCode(java.lang.String)
2020-05-11 09:56:51.238  INFO 1896 --- [main] s.w.s.m.m.a.RequestMappingHandlerMapping : Mapped "{[/sms/sendMessage],methods=[GET]}" onto public com.lms.entity.Result com.lms.controller.SmsController.sendMessage(java.lang.String)
2020-05-11 09:56:51.239  INFO 1896 --- [main] s.w.s.m.m.a.RequestMappingHandlerMapping : Mapped "{[/uploadImage]}" onto public com.lms.entity.Result com.lms.controller.upload.UploadController.uploadImg(org.springframework.web.multipart.MultipartFile,javax.servlet.http.HttpServletRequest)
2020-05-11 09:56:51.256  INFO 1896 --- [main] s.w.s.m.m.a.RequestMappingHandlerMapping : Mapped "{[/sys/user/profile],methods=[GET]}" onto public com.lms.entity.Result com.lms.controller.UserController.profile()
2020-05-11 09:56:51.257  INFO 1896 --- [main] s.w.s.m.m.a.RequestMappingHandlerMapping : Mapped "{[/sys/user/{id}],methods=[PUT]}" onto public com.lms.entity.Result com.lms.controller.UserController.update(java.lang.String,com.lms.domain.User)
2020-05-11 09:56:51.258  INFO 1896 --- [main] s.w.s.m.m.a.RequestMappingHandlerMapping : Mapped "{[/sys/user/{id}],methods=[DELETE]}" onto public com.lms.entity.Result com.lms.controller.UserController.delete(java.lang.String)
2020-05-11 09:56:51.259  INFO 1896 --- [main] s.w.s.m.m.a.RequestMappingHandlerMapping : Mapped "{[/sys/user],methods=[POST]}" onto public com.lms.entity.Result com.lms.controller.UserController.save(com.lms.domain.User)
2020-05-11 09:56:51.260  INFO 1896 --- [main] s.w.s.m.m.a.RequestMappingHandlerMapping : Mapped "{[/sys/user/page],methods=[GET]}" onto public com.lms.entity.PageResult<com.lms.domain.User> com.lms.controller.UserController.findPage(java.util.Map<java.lang.String, java.lang.Object>)
2020-05-11 09:56:51.261  INFO 1896 --- [main] s.w.s.m.m.a.RequestMappingHandlerMapping : Mapped "{[/sys/user/{id}],methods=[GET]}" onto public com.lms.entity.Result com.lms.controller.UserController.findOne(java.lang.String)
2020-05-11 09:56:51.262  INFO 1896 --- [main] s.w.s.m.m.a.RequestMappingHandlerMapping : Mapped "{[/sys/user/disRole],methods=[POST]}" onto public com.lms.entity.Result com.lms.controller.UserController.distributeRole(java.util.Map<java.lang.String, java.lang.Object>)
2020-05-11 09:56:51.263  INFO 1896 --- [main] s.w.s.m.m.a.RequestMappingHandlerMapping : Mapped "{[/sys/user/logout],methods=[POST]}" onto public com.lms.entity.Result com.lms.controller.UserController.userLogout()
2020-05-11 09:56:51.263  INFO 1896 --- [main] s.w.s.m.m.a.RequestMappingHandlerMapping : Mapped "{[/sys/user/login],methods=[POST]}" onto public com.lms.entity.Result com.lms.controller.UserController.userLogin(java.util.Map<java.lang.String, java.lang.String>)
2020-05-11 09:56:51.264  INFO 1896 --- [main] s.w.s.m.m.a.RequestMappingHandlerMapping : Mapped "{[/sys/user/updatePwd],methods=[POST]}" onto public com.lms.entity.Result com.lms.controller.UserController.updatePwd(java.util.Map<java.lang.String, java.lang.Object>)
2020-05-11 09:56:51.265  INFO 1896 --- [main] s.w.s.m.m.a.RequestMappingHandlerMapping : Mapped "{[/sys/showSession]}" onto public void com.lms.controller.UserController.getSession(javax.servlet.http.HttpSession)
2020-05-11 09:56:51.267  INFO 1896 --- [main] s.w.s.m.m.a.RequestMappingHandlerMapping : Mapped "{[/capacity/vehicle/{id}],methods=[PUT]}" onto public com.lms.entity.Result com.lms.controller.VehicleController.update(java.lang.String,com.lms.domain.Vehicle)
2020-05-11 09:56:51.268  INFO 1896 --- [main] s.w.s.m.m.a.RequestMappingHandlerMapping : Mapped "{[/capacity/vehicle/{id}],methods=[DELETE]}" onto public com.lms.entity.Result com.lms.controller.VehicleController.delete(java.lang.String)
2020-05-11 09:56:51.269  INFO 1896 --- [main] s.w.s.m.m.a.RequestMappingHandlerMapping : Mapped "{[/capacity/vehicle],methods=[POST]}" onto public com.lms.entity.Result com.lms.controller.VehicleController.save(com.lms.domain.Vehicle)
2020-05-11 09:56:51.270  INFO 1896 --- [main] s.w.s.m.m.a.RequestMappingHandlerMapping : Mapped "{[/capacity/vehicle/vehs/{outletid}],methods=[GET]}" onto public com.lms.entity.Result com.lms.controller.VehicleController.findByOutletIdAndStatus(java.lang.String)
2020-05-11 09:56:51.271  INFO 1896 --- [main] s.w.s.m.m.a.RequestMappingHandlerMapping : Mapped "{[/capacity/vehicle/page],methods=[GET]}" onto public com.lms.entity.PageResult<com.lms.domain.Vehicle> com.lms.controller.VehicleController.findPage(java.util.Map<java.lang.String, java.lang.Object>)
2020-05-11 09:56:51.274  INFO 1896 --- [main] s.w.s.m.m.a.RequestMappingHandlerMapping : Mapped "{[/capacity/vehicle/{id}],methods=[GET]}" onto public com.lms.entity.Result com.lms.controller.VehicleController.findOne(java.lang.String)
2020-05-11 09:56:51.275  INFO 1896 --- [main] s.w.s.m.m.a.RequestMappingHandlerMapping : Mapped "{[/capacity/vehicle/list],methods=[GET]}" onto public com.lms.entity.Result com.lms.controller.VehicleController.findAll(java.lang.String)
2020-05-11 09:56:51.276  INFO 1896 --- [main] s.w.s.m.m.a.RequestMappingHandlerMapping : Mapped "{[/capacity/vehicle/return/{id}],methods=[GET]}" onto public com.lms.entity.Result com.lms.controller.VehicleController.vehReturn(java.lang.String)
2020-05-11 09:56:51.280  INFO 1896 --- [main] s.w.s.m.m.a.RequestMappingHandlerMapping : Mapped "{[/capacity/warehouse/{id}],methods=[PUT]}" onto public com.lms.entity.Result com.lms.controller.WarehouseController.update(java.lang.String,com.lms.domain.Warehouse)
2020-05-11 09:56:51.281  INFO 1896 --- [main] s.w.s.m.m.a.RequestMappingHandlerMapping : Mapped "{[/capacity/warehouse/{id}],methods=[DELETE]}" onto public com.lms.entity.Result com.lms.controller.WarehouseController.delete(java.lang.String)
2020-05-11 09:56:51.282  INFO 1896 --- [main] s.w.s.m.m.a.RequestMappingHandlerMapping : Mapped "{[/capacity/warehouse],methods=[POST]}" onto public com.lms.entity.Result com.lms.controller.WarehouseController.save(com.lms.domain.Warehouse)
2020-05-11 09:56:51.283  INFO 1896 --- [main] s.w.s.m.m.a.RequestMappingHandlerMapping : Mapped "{[/capacity/warehouse/wares/{outletid}],methods=[GET]}" onto public com.lms.entity.Result com.lms.controller.WarehouseController.findByOutletIdAndStatus(java.lang.String)
2020-05-11 09:56:51.284  INFO 1896 --- [main] s.w.s.m.m.a.RequestMappingHandlerMapping : Mapped "{[/capacity/warehouse/page],methods=[GET]}" onto public com.lms.entity.PageResult<com.lms.domain.Warehouse> com.lms.controller.WarehouseController.findPage(java.util.Map<java.lang.String, java.lang.Object>)
2020-05-11 09:56:51.284  INFO 1896 --- [main] s.w.s.m.m.a.RequestMappingHandlerMapping : Mapped "{[/capacity/warehouse/{id}],methods=[GET]}" onto public com.lms.entity.Result com.lms.controller.WarehouseController.findOne(java.lang.String)
2020-05-11 09:56:51.285  INFO 1896 --- [main] s.w.s.m.m.a.RequestMappingHandlerMapping : Mapped "{[/capacity/warehouse/list],methods=[GET]}" onto public com.lms.entity.Result com.lms.controller.WarehouseController.findAll()
2020-05-11 09:56:51.286  INFO 1896 --- [main] s.w.s.m.m.a.RequestMappingHandlerMapping : Mapped "{[/capacity/warehouse/wareStatics],methods=[GET]}" onto public com.lms.entity.Result com.lms.controller.WarehouseController.wareStatics()
2020-05-11 09:56:51.287  INFO 1896 --- [main] s.w.s.m.m.a.RequestMappingHandlerMapping : Mapped "{[/capacity/warehouse/capacityInfo],methods=[GET]}" onto public com.lms.entity.Result com.lms.controller.WarehouseController.findCapacityInfo()
2020-05-11 09:56:51.288  INFO 1896 --- [main] s.w.s.m.m.a.RequestMappingHandlerMapping : Mapped "{[/capacity/warehouse/info/{outletid}/{whid}],methods=[GET]}" onto public com.lms.entity.Result com.lms.controller.WarehouseController.findWarehouseInfo(java.lang.String,java.lang.String)
2020-05-11 09:56:51.290  INFO 1896 --- [main] s.w.s.m.m.a.RequestMappingHandlerMapping : Mapped "{[/waybill/{id}],methods=[PUT]}" onto public com.lms.entity.Result com.lms.controller.WaybillController.update(java.lang.String,com.lms.domain.Waybill)
2020-05-11 09:56:51.291  INFO 1896 --- [main] s.w.s.m.m.a.RequestMappingHandlerMapping : Mapped "{[/waybill/{id}],methods=[DELETE]}" onto public com.lms.entity.Result com.lms.controller.WaybillController.delete(java.lang.String)
2020-05-11 09:56:51.292  INFO 1896 --- [main] s.w.s.m.m.a.RequestMappingHandlerMapping : Mapped "{[/waybill/],methods=[POST]}" onto public com.lms.entity.Result com.lms.controller.WaybillController.save(com.lms.domain.Waybill)
2020-05-11 09:56:51.295  INFO 1896 --- [main] s.w.s.m.m.a.RequestMappingHandlerMapping : Mapped "{[/waybill/page],methods=[GET]}" onto public com.lms.entity.PageResult<com.lms.domain.Waybill> com.lms.controller.WaybillController.findPage(java.util.Map<java.lang.String, java.lang.Object>)
2020-05-11 09:56:51.296  INFO 1896 --- [main] s.w.s.m.m.a.RequestMappingHandlerMapping : Mapped "{[/waybill/{id}],methods=[GET]}" onto public com.lms.entity.Result com.lms.controller.WaybillController.findOne(java.lang.String)
2020-05-11 09:56:51.296  INFO 1896 --- [main] s.w.s.m.m.a.RequestMappingHandlerMapping : Mapped "{[/waybill/waybs/{status}],methods=[GET]}" onto public com.lms.entity.Result com.lms.controller.WaybillController.findByStatus(java.lang.String)
2020-05-11 09:56:51.297  INFO 1896 --- [main] s.w.s.m.m.a.RequestMappingHandlerMapping : Mapped "{[/waybill/wayb/{param}/{condition}],methods=[GET]}" onto public com.lms.entity.Result com.lms.controller.WaybillController.findByCondition(java.lang.String,java.lang.String)
2020-05-11 09:56:51.297  INFO 1896 --- [main] s.w.s.m.m.a.RequestMappingHandlerMapping : Mapped "{[/waybill/wayb/{waybcode}],methods=[GET]}" onto public com.lms.entity.Result com.lms.controller.WaybillController.findByWaybCode(java.lang.String)
2020-05-11 09:56:51.299  INFO 1896 --- [main] s.w.s.m.m.a.RequestMappingHandlerMapping : Mapped "{[/autherror]}" onto public com.lms.entity.Result com.lms.controlller.ErrorController.autherror(int)
2020-05-11 09:56:51.304  INFO 1896 --- [main] s.w.s.m.m.a.RequestMappingHandlerMapping : Mapped "{[/error]}" onto public org.springframework.http.ResponseEntity<java.util.Map<java.lang.String, java.lang.Object>> org.springframework.boot.autoconfigure.web.servlet.error.BasicErrorController.error(javax.servlet.http.HttpServletRequest)
2020-05-11 09:56:51.306  INFO 1896 --- [main] s.w.s.m.m.a.RequestMappingHandlerMapping : Mapped "{[/error],produces=[text/html]}" onto public org.springframework.web.servlet.ModelAndView org.springframework.boot.autoconfigure.web.servlet.error.BasicErrorController.errorHtml(javax.servlet.http.HttpServletRequest,javax.servlet.http.HttpServletResponse)
2020-05-11 09:56:51.495  INFO 1896 --- [main] o.s.w.s.handler.SimpleUrlHandlerMapping  : Mapped URL path [/webjars/**] onto handler of type [class org.springframework.web.servlet.resource.ResourceHttpRequestHandler]
2020-05-11 09:56:51.495  INFO 1896 --- [main] o.s.w.s.handler.SimpleUrlHandlerMapping  : Mapped URL path [/**] onto handler of type [class org.springframework.web.servlet.resource.ResourceHttpRequestHandler]
2020-05-11 09:56:51.566  INFO 1896 --- [main] .m.m.a.ExceptionHandlerExceptionResolver : Detected @ExceptionHandler methods in exceptionController
2020-05-11 09:56:52.805  INFO 1896 --- [main] o.s.j.e.a.AnnotationMBeanExporter        : Registering beans for JMX exposure on startup
2020-05-11 09:56:52.809  INFO 1896 --- [main] o.s.j.e.a.AnnotationMBeanExporter        : Bean with name 'dataSource' has been autodetected for JMX exposure
2020-05-11 09:56:52.820  INFO 1896 --- [main] o.s.j.e.a.AnnotationMBeanExporter        : Located MBean 'dataSource': registering with JMX server as MBean [com.alibaba.druid.pool:name=dataSource,type=DruidDataSource]
2020-05-11 09:56:52.903  INFO 1896 --- [main] o.s.b.w.embedded.tomcat.TomcatWebServer  : Tomcat started on port(s): 7004 (http) with context path ''
2020-05-11 09:56:52.911  INFO 1896 --- [main] com.lms.MyLmsApplication                 : Started MyLmsApplication in 16.87 seconds (JVM running for 19.177)
2020-05-11 09:58:49.103 ERROR 1896 --- [http-nio-7004-exec-1] o.a.catalina.core.AprLifecycleListener   : An incompatible version [1.2.10] of the APR based Apache Tomcat Native library is installed, while Tomcat requires version [1.2.14]
2020-05-11 09:58:49.131  INFO 1896 --- [http-nio-7004-exec-1] o.a.c.c.C.[Tomcat].[localhost].[/]       : Initializing Spring FrameworkServlet 'dispatcherServlet'
2020-05-11 09:58:49.131  INFO 1896 --- [http-nio-7004-exec-1] o.s.web.servlet.DispatcherServlet        : FrameworkServlet 'dispatcherServlet': initialization started
2020-05-11 09:58:49.175  INFO 1896 --- [http-nio-7004-exec-1] o.s.web.servlet.DispatcherServlet        : FrameworkServlet 'dispatcherServlet': initialization completed in 44 ms
2020-05-11 09:58:49.206  INFO 1896 --- [http-nio-7004-exec-1] a.s.s.m.AbstractValidatingSessionManager : Enabling session validation scheduler...
2020-05-11 09:58:49.521  INFO 1896 --- [http-nio-7004-exec-1] com.alibaba.druid.pool.DruidDataSource   : {dataSource-1} inited
2020-05-11 09:58:50.097  INFO 1896 --- [http-nio-7004-exec-1] com.lms.utils.PropertyUtil               : 开始加载properties文件内容.......
2020-05-11 09:58:50.098  INFO 1896 --- [http-nio-7004-exec-1] com.lms.utils.PropertyUtil               : 加载properties文件内容完成...........
2020-05-11 09:58:50.098  INFO 1896 --- [http-nio-7004-exec-1] com.lms.utils.PropertyUtil               : properties文件内容：{redis.host=127.0.0.1, sms.AccessKeyID=LTAIaTVdnIgvTZqS, sms.AccessKeySecret=Shp0PPzhRRNyZo8p2KBiWkb8VLBNEi, redis.port=6379}
2020-05-11 09:58:51.145 ERROR 1896 --- [http-nio-7004-exec-4] o.a.catalina.core.AprLifecycleListener   : An incompatible version [1.2.10] of the APR based Apache Tomcat Native library is installed, while Tomcat requires version [1.2.14]
2020-05-11 09:58:51.147 ERROR 1896 --- [http-nio-7004-exec-5] o.a.catalina.core.AprLifecycleListener   : An incompatible version [1.2.10] of the APR based Apache Tomcat Native library is installed, while Tomcat requires version [1.2.14]
2020-05-11 09:58:51.148 ERROR 1896 --- [http-nio-7004-exec-6] o.a.catalina.core.AprLifecycleListener   : An incompatible version [1.2.10] of the APR based Apache Tomcat Native library is installed, while Tomcat requires version [1.2.14]
